#
# There is insufficient memory for the Java Runtime Environment to continue.
# Native memory allocation (mmap) failed to map 266338304 bytes for G1 virtual space
# Possible reasons:
#   The system is out of physical RAM or swap space
#   The process is running with CompressedOops enabled, and the Java Heap may be blocking the growth of the native heap
# Possible solutions:
#   Reduce memory load on the system
#   Increase physical memory or swap space
#   Check if swap backing store is full
#   Decrease Java heap size (-Xmx/-Xms)
#   Decrease number of Java threads
#   Decrease Java thread stack sizes (-Xss)
#   Set larger code cache with -XX:ReservedCodeCacheSize=
#   JVM is running with Zero Based Compressed Oops mode in which the Java heap is
#     placed in the first 32GB address space. The Java Heap base address is the
#     maximum limit for the native heap growth. Please use -XX:HeapBaseMinAddress
#     to set the Java Heap base and to place the Java Heap above 32GB virtual address.
# This output file may be truncated or incomplete.
#
#  Out of Memory Error (./open/src/hotspot/os/windows/os_windows.cpp:3472), pid=29516, tid=10460
#
# JRE version:  (15.0.1+9) (build )
# Java VM: Java HotSpot(TM) 64-Bit Server VM (15.0.1+9-18, mixed mode, sharing, tiered, compressed oops, g1 gc, windows-amd64)
# No core dump will be written. Minidumps are not enabled by default on client versions of Windows
#

---------------  S U M M A R Y ------------

Command Line: -Dfile.encoding=UTF-8 -XX:+ShowCodeDetailsInExceptionMessages com.spring.springtest.App

Host: Intel(R) Core(TM) i5-8250U CPU @ 1.60GHz, 8 cores, 15G,  Windows 10 , 64 bit Build 19041 (10.0.19041.1202)
Time: Fri Nov  5 14:55:29 2021 China Standard Time elapsed time: 0.012879 seconds (0d 0h 0m 0s)

---------------  T H R E A D  ---------------

Current thread (0x00000292e1ca1480):  JavaThread "Unknown thread" [_thread_in_vm, id=10460, stack(0x000000ea05c00000,0x000000ea05d00000)]

Stack: [0x000000ea05c00000,0x000000ea05d00000]
Native frames: (J=compiled Java code, j=interpreted, Vv=VM code, C=native code)
V  [jvm.dll+0x62ae9a]
V  [jvm.dll+0x781389]
V  [jvm.dll+0x782ae3]
V  [jvm.dll+0x783143]
V  [jvm.dll+0x216265]
V  [jvm.dll+0x6281d9]
V  [jvm.dll+0x61cd15]
V  [jvm.dll+0x2d01fd]
V  [jvm.dll+0x2d0062]
V  [jvm.dll+0x2d603c]
V  [jvm.dll+0x325b2a]
V  [jvm.dll+0x3251f4]
V  [jvm.dll+0x2a717a]
V  [jvm.dll+0x2a8318]
V  [jvm.dll+0x75e101]
V  [jvm.dll+0x3343e4]
V  [jvm.dll+0x73e826]
V  [jvm.dll+0x3b7777]
V  [jvm.dll+0x3b9201]
C  [jli.dll+0x52fb]
C  [ucrtbase.dll+0x21bb2]
C  [KERNEL32.DLL+0x17034]
C  [ntdll.dll+0x52651]


---------------  P R O C E S S  ---------------

Threads class SMR info:
_java_thread_list=0x00007ffe326d4ff0, length=0, elements={
}

Java Threads: ( => current thread )

Other Threads:
  0x00000292e1cf2600 GCTaskThread "GC Thread#0" [stack: 0x000000ea05d00000,0x000000ea05e00000] [id=3848]
  0x00000292e1d04b50 ConcurrentGCThread "G1 Main Marker" [stack: 0x000000ea05e00000,0x000000ea05f00000] [id=23028]
  0x00000292e1d05650 ConcurrentGCThread "G1 Conc#0" [stack: 0x000000ea05f00000,0x000000ea06000000] [id=18424]

[error occurred during error reporting (printing all threads), id 0xc0000005, EXCEPTION_ACCESS_VIOLATION (0xc0000005) at pc=0x00007ffe31ec8047]

VM state: not at safepoint (not fully initialized)

VM Mutex/Monitor currently owned by a thread:  ([mutex/lock_event])
[0x00000292dfb7b740] Heap_lock - owner thread: 0x00000292e1ca1480

Heap address: 0x0000000702c00000, size: 4052 MB, Compressed Oops mode: Zero based, Oop shift amount: 3
CDS archive(s) mapped at: [0x0000000000000000-0x0000000000000000-0x0000000000000000), size 0, SharedBaseAddress: 0x0000000800000000, ArchiveRelocationMode: 0.
Narrow klass base: 0x0000000000000000, Narrow klass shift: 0, Narrow klass range: 0x0

Heap:
 garbage-first heap   total 260096K, used 0K [0x0000000702c00000, 0x0000000800000000)
  region size 2048K, 0 young (0K), 0 survivors (0K)
 Metaspace       used 0K, capacity 0K, committed 0K, reserved 0K
  class space    used 0K, capacity 0K, committed 0K, reserved 0K

Heap Regions: E=young(eden), S=young(survivor), O=old, HS=humongous(starts), HC=humongous(continues), CS=collection set, F=free, OA=open archive, CA=closed archive, TAMS=top-at-mark-start (previous, next)

Card table byte_map: [0x00000292f9a00000,0x00000292fa1f0000] _byte_map_base: 0x00000292f61ea000

Marking Bits (Prev, Next): (CMBitMap*) 0x00000292e1cf3d10, (CMBitMap*) 0x00000292e1cf3d50
 Prev Bits: [0x00000292fa9e0000, 0x00000292fe930000)
 Next Bits: [0x0000029280000000, 0x0000029283f50000)

GC Heap History (0 events):
No events

Deoptimization events (0 events):
No events

Classes unloaded (0 events):
No events

Classes redefined (0 events):
No events

Internal exceptions (0 events):
No events

Events (1 events):
Event: 0.006 Loaded shared library C:\Program Files\Java\jdk-15.0.1\bin\java.dll


Dynamic libraries:
0x00007ff610250000 - 0x00007ff61025f000 	C:\Program Files\Java\jdk-15.0.1\bin\javaw.exe
0x00007ffe9fad0000 - 0x00007ffe9fcc5000 	C:\Windows\SYSTEM32\ntdll.dll
0x00007ffe9f8a0000 - 0x00007ffe9f95e000 	C:\Windows\System32\KERNEL32.DLL
0x00007ffe9d420000 - 0x00007ffe9d6e9000 	C:\Windows\System32\KERNELBASE.dll
0x00007ffe9d750000 - 0x00007ffe9d850000 	C:\Windows\System32\ucrtbase.dll
0x00007ffe85660000 - 0x00007ffe85679000 	C:\Program Files\Java\jdk-15.0.1\bin\VCRUNTIME140.dll
0x00007ffe85680000 - 0x00007ffe85698000 	C:\Program Files\Java\jdk-15.0.1\bin\jli.dll
0x00007ffe9ed40000 - 0x00007ffe9edec000 	C:\Windows\System32\ADVAPI32.dll
0x00007ffe9f590000 - 0x00007ffe9f62e000 	C:\Windows\System32\msvcrt.dll
0x00007ffe9e660000 - 0x00007ffe9e6fb000 	C:\Windows\System32\sechost.dll
0x00007ffe9f960000 - 0x00007ffe9fa8a000 	C:\Windows\System32\RPCRT4.dll
0x00007ffe9f6f0000 - 0x00007ffe9f891000 	C:\Windows\System32\USER32.dll
0x00007ffe9d8e0000 - 0x00007ffe9d902000 	C:\Windows\System32\win32u.dll
0x00007ffe90120000 - 0x00007ffe903ba000 	C:\Windows\WinSxS\amd64_microsoft.windows.common-controls_6595b64144ccf1df_6.0.19041.1110_none_60b5254171f9507e\COMCTL32.dll
0x00007ffe9db20000 - 0x00007ffe9db4b000 	C:\Windows\System32\GDI32.dll
0x00007ffe9d310000 - 0x00007ffe9d41b000 	C:\Windows\System32\gdi32full.dll
0x00007ffe9d270000 - 0x00007ffe9d30d000 	C:\Windows\System32\msvcp_win.dll
0x00007ffe94fe0000 - 0x00007ffe94fea000 	C:\Windows\SYSTEM32\VERSION.dll
0x00007ffe9f320000 - 0x00007ffe9f350000 	C:\Windows\System32\IMM32.DLL
0x00007ffe939e0000 - 0x00007ffe939ec000 	C:\Program Files\Java\jdk-15.0.1\bin\vcruntime140_1.dll
0x00007ffe855c0000 - 0x00007ffe85651000 	C:\Program Files\Java\jdk-15.0.1\bin\msvcp140.dll
0x00007ffe31c10000 - 0x00007ffe3276e000 	C:\Program Files\Java\jdk-15.0.1\bin\server\jvm.dll
0x00007ffe9e700000 - 0x00007ffe9e708000 	C:\Windows\System32\PSAPI.DLL
0x00007ffe8fe40000 - 0x00007ffe8fe67000 	C:\Windows\SYSTEM32\WINMM.dll
0x00007ffe8e0f0000 - 0x00007ffe8e0f9000 	C:\Windows\SYSTEM32\WSOCK32.dll
0x00007ffe9eb90000 - 0x00007ffe9ebfb000 	C:\Windows\System32\WS2_32.dll
0x00007ffe9ba30000 - 0x00007ffe9ba42000 	C:\Windows\SYSTEM32\kernel.appcore.dll
0x00007ffe867f0000 - 0x00007ffe867fa000 	C:\Program Files\Java\jdk-15.0.1\bin\jimage.dll
0x00007ffe9b050000 - 0x00007ffe9b234000 	C:\Windows\SYSTEM32\DBGHELP.DLL
0x00007ffe94690000 - 0x00007ffe946bc000 	C:\Windows\SYSTEM32\dbgcore.DLL
0x00007ffe9d850000 - 0x00007ffe9d8d3000 	C:\Windows\System32\bcryptPrimitives.dll
0x00007ffe85590000 - 0x00007ffe855b5000 	C:\Program Files\Java\jdk-15.0.1\bin\java.dll

dbghelp: loaded successfully - version: 4.0.5 - missing functions: none
symbol engine: initialized successfully - sym options: 0x614 - pdb path: .;C:\Program Files\Java\jdk-15.0.1\bin;C:\Windows\SYSTEM32;C:\Windows\WinSxS\amd64_microsoft.windows.common-controls_6595b64144ccf1df_6.0.19041.1110_none_60b5254171f9507e;C:\Program Files\Java\jdk-15.0.1\bin\server

VM Arguments:
jvm_args: -Dfile.encoding=UTF-8 -XX:+ShowCodeDetailsInExceptionMessages 
java_command: com.spring.springtest.App
java_class_path (initial): D:\eclipse-workspace\springtest\target\classes;C:\Users\Administrator\.m2\repository\org\springframework\spring-context\5.3.12\spring-context-5.3.12.jar;C:\Users\Administrator\.m2\repository\org\springframework\spring-aop\5.3.12\spring-aop-5.3.12.jar;C:\Users\Administrator\.m2\repository\org\springframework\spring-beans\5.3.12\spring-beans-5.3.12.jar;C:\Users\Administrator\.m2\repository\org\springframework\spring-core\5.3.12\spring-core-5.3.12.jar;C:\Users\Administrator\.m2\repository\org\springframework\spring-jcl\5.3.12\spring-jcl-5.3.12.jar;C:\Users\Administrator\.m2\repository\org\springframework\spring-expression\5.3.12\spring-expression-5.3.12.jar
Launcher Type: SUN_STANDARD

[Global flags]
     intx CICompilerCount                          = 4                                         {product} {ergonomic}
     uint ConcGCThreads                            = 2                                         {product} {ergonomic}
     uint G1ConcRefinementThreads                  = 8                                         {product} {ergonomic}
   size_t G1HeapRegionSize                         = 2097152                                   {product} {ergonomic}
    uintx GCDrainStackTargetSize                   = 64                                        {product} {ergonomic}
   size_t InitialHeapSize                          = 266338304                                 {product} {ergonomic}
   size_t MarkStackSize                            = 4194304                                   {product} {ergonomic}
   size_t MaxHeapSize                              = 4248829952                                {product} {ergonomic}
   size_t MinHeapDeltaBytes                        = 2097152                                   {product} {ergonomic}
   size_t MinHeapSize                              = 8388608                                   {product} {ergonomic}
    uintx NonNMethodCodeHeapSize                   = 5839372                                {pd product} {ergonomic}
    uintx NonProfiledCodeHeapSize                  = 122909434                              {pd product} {ergonomic}
    uintx ProfiledCodeHeapSize                     = 122909434                              {pd product} {ergonomic}
    uintx ReservedCodeCacheSize                    = 251658240                              {pd product} {ergonomic}
     bool SegmentedCodeCache                       = true                                      {product} {ergonomic}
     bool ShowCodeDetailsInExceptionMessages       = true                                   {manageable} {command line}
   size_t SoftMaxHeapSize                          = 4248829952                             {manageable} {ergonomic}
     bool UseCompressedClassPointers               = true                                 {lp64_product} {ergonomic}
     bool UseCompressedOops                        = true                                 {lp64_product} {ergonomic}
     bool UseG1GC                                  = true                                      {product} {ergonomic}
     bool UseLargePagesIndividualAllocation        = false                                  {pd product} {ergonomic}

Logging:
Log output configuration:
 #0: stdout all=warning uptime,level,tags
 #1: stderr all=off uptime,level,tags

Environment Variables:
JAVA_HOME=C:\Program Files\Java\jdk-15.0.1
PATH=C:\oraclexe\app\oracle\product\11.2.0\server\bin;C:\Ruby30-x64\bin;C:\Program Files\Common Files\Oracle\Java\javapath;C:\Windows\system32;C:\Windows;C:\Windows\System32\Wbem;C:\Windows\System32\WindowsPowerShell\v1.0\;C:\Windows\System32\OpenSSH\;C:\Program Files\Intel\WiFi\bin\;C:\Program Files\Common Files\Intel\WirelessCommon\;C:\Program Files\Java\jdk-15.0.1\bin;C:\Program Files\Git\cmd;C:\Program Files\nodejs\;C:\Users\ADMINI~1\AppData\Local\Android\Sdk\platform-tools;C:\Program Files\dotnet\;D:\laragon\bin\php\php-7.4.20-Win32-vc15-x64;C:\ProgramData\ComposerSetup\bin;C:\Users\Administrator\AppData\Local\Yarn\config\global\node_modules\.bin;C:\Users\Administrator\AppData\Roaming\Composer\vendor\bin;C:\Users\Administrator\AppData\Roaming\npm;D:\laragon\bin;D:\laragon\bin\apache\httpd-2.4.35-win64-VC15\bin;D:\laragon\bin\composer;D:\laragon\bin\git\bin;D:\laragon\bin\git\cmd;D:\laragon\bin\git\mingw64\bin;D:\laragon\bin\git\usr\bin;D:\laragon\bin\laragon\utils;D:\laragon\bin\mysql\mysql-5.7.24-winx64\bin;D:\laragon\bin\nginx\nginx-1.16.0;D:\laragon\bin\ngrok;D:\laragon\bin\nodejs\node-v12;D:\laragon\bin\notepad++;D:\laragon\bin\php\php-7.4.20-Win32-vc15-x64;D:\laragon\bin\putty;D:\laragon\bin\redis\redis-x64-3.2.100;D:\laragon\bin\telnet;D:\laragon\usr\bin;C:\Users\Administrator\AppData\Local\Microsoft\WindowsApps;C:\Users\Administrator\AppData\Local\Programs\Microsoft VS Code\bin;C:\Users\Administrator\.dotnet\tools
USERNAME=Administrator
OS=Windows_NT
PROCESSOR_IDENTIFIER=Intel64 Family 6 Model 142 Stepping 10, GenuineIntel



---------------  S Y S T E M  ---------------

OS:
 Windows 10 , 64 bit Build 19041 (10.0.19041.1202)
OS uptime: 20 days 10:39 hours
HyperV virtualization detected

CPU: total 8 (initial active 8) (4 cores per cpu, 2 threads per core) family 6 model 142 stepping 10 microcode 0xca, cmov, cx8, fxsr, mmx, sse, sse2, sse3, ssse3, sse4.1, sse4.2, popcnt, vzeroupper, avx, avx2, aes, clmul, erms, 3dnowpref, lzcnt, ht, tsc, tscinvbit, bmi1, bmi2, adx, fma, clflush, clflushopt

Memory: 4k page, system-wide physical 16207M (3454M free)
TotalPageFile size 28707M (AvailPageFile size 86M)
current process WorkingSet (physical memory assigned to process): 10M, peak: 10M
current process commit charge ("private bytes"): 60M, peak: 314M

vm_info: Java HotSpot(TM) 64-Bit Server VM (15.0.1+9-18) for windows-amd64 JRE (15.0.1+9-18), built on Sep 15 2020 14:43:54 by "mach5one" with unknown MS VC++:1925

END.
